<?xml version="1.0" encoding="UTF-8" ?>
<testsuite tests="21" failures="1" name="TestSuite" time="107.803" errors="0" skipped="0">
  <properties>
[...]
</properties>
  <testcase classname="com.TestCases.DeveloperPageTest" name="developerTest" time="7.806"/>
  <testcase classname="com.TestCases.GraphPageTest" name="AssertText" time="11.869"/>
  <testcase classname="com.TestCases.HomePageTest" name="MousHover" time="4.366"/>
  <testcase classname="com.TestCases.LoginPageTest" name="Editable" time="2.004"/>
  <testcase classname="com.TestCases.RegisterPageTest" name="EditableLogin" time="2.227"/>
  <testcase classname="com.TestCases.SearchPageTest" name="AssertText" time="8.284"/>
  <testcase classname="com.TestCases.DeveloperPageTest" name="MousHover" time="3.818"/>
  <testcase classname="com.TestCases.GraphPageTest" name="clickButton" time="9.214"/>
  <testcase classname="com.TestCases.HomePageTest" name="AssertText" time="1.777"/>
  <testcase classname="com.TestCases.LoginPageTest" name="MouseHover" time="1.911"/>
  <testcase classname="com.TestCases.RegisterPageTest" name="RegisterElementPresent" time="2.163"/>
  <testcase classname="com.TestCases.SearchPageTest" name="Editable" time="6.901"/>
  <testcase classname="com.TestCases.DeveloperPageTest" name="AssertText" time="2.947"/>
  <testcase classname="com.TestCases.LoginPageTest" name="loginTest" time="2.502"/>
  <testcase classname="com.TestCases.RegisterPageTest" name="Editable" time="3.042"/>
  <testcase classname="com.TestCases.SearchPageTest" name="MouseHover" time="6.373"/>
  <testcase classname="com.TestCases.LoginPageTest" name="CheckPassword" time="2.492"/>
  <testcase classname="com.TestCases.RegisterPageTest" name="registerTest" time="5.78"/>
  <testcase classname="com.TestCases.SearchPageTest" name="SearchTest" time="15.153"/>
  <testcase classname="com.TestCases.LoginPageTest" name="OpenHomePage" time="3.279"/>
  <testcase classname="com.TestCases.RegisterPageTest" name="sameUsername" time="3.895">
    <failure message="unexpected alert open: {Alert text : username already exists,please try another}
  (Session info: chrome=96.0.4664.110): username already exists,please try another
Build info: version: &apos;4.1.0&apos;, revision: &apos;87802e897b&apos;
System info: host: &apos;HJNZL002173&apos;, ip: &apos;192.168.31.7&apos;, os.name: &apos;Windows 10&apos;, os.arch: &apos;amd64&apos;, os.version: &apos;10.0&apos;, java.version: &apos;1.8.0_92&apos;
Driver info: org.openqa.selenium.chrome.ChromeDriver
Command: [5883c7ee5aff6353e2180693b477c9c0, screenshot {}]
Capabilities {acceptInsecureCerts: false, browserName: chrome, browserVersion: 96.0.4664.110, chrome: {chromedriverVersion: 96.0.4664.45 (76e4c1bb2ab46..., userDataDir: C:\Users\AKSHAT~1\AppData\L...}, goog:chromeOptions: {debuggerAddress: localhost:62016}, javascriptEnabled: true, networkConnectionEnabled: false, pageLoadStrategy: normal, platform: WINDOWS, platformName: WINDOWS, proxy: Proxy(), se:cdp: ws://localhost:62016/devtoo..., se:cdpVersion: 96.0.4664.110, setWindowRect: true, strictFileInteractability: false, timeouts: {implicit: 0, pageLoad: 300000, script: 30000}, unhandledPromptBehavior: dismiss and notify, webauthn:extension:credBlob: true, webauthn:extension:largeBlob: true, webauthn:virtualAuthenticators: true}
Session ID: 5883c7ee5aff6353e2180693b477c9c0" type="org.openqa.selenium.UnhandledAlertException">org.openqa.selenium.UnhandledAlertException: unexpected alert open: {Alert text : username already exists,please try another}
  (Session info: chrome=96.0.4664.110): username already exists,please try another
Build info: version: &apos;4.1.0&apos;, revision: &apos;87802e897b&apos;
System info: host: &apos;HJNZL002173&apos;, ip: &apos;192.168.31.7&apos;, os.name: &apos;Windows 10&apos;, os.arch: &apos;amd64&apos;, os.version: &apos;10.0&apos;, java.version: &apos;1.8.0_92&apos;
Driver info: org.openqa.selenium.chrome.ChromeDriver
Command: [5883c7ee5aff6353e2180693b477c9c0, screenshot {}]
Capabilities {acceptInsecureCerts: false, browserName: chrome, browserVersion: 96.0.4664.110, chrome: {chromedriverVersion: 96.0.4664.45 (76e4c1bb2ab46..., userDataDir: C:\Users\AKSHAT~1\AppData\L...}, goog:chromeOptions: {debuggerAddress: localhost:62016}, javascriptEnabled: true, networkConnectionEnabled: false, pageLoadStrategy: normal, platform: WINDOWS, platformName: WINDOWS, proxy: Proxy(), se:cdp: ws://localhost:62016/devtoo..., se:cdpVersion: 96.0.4664.110, setWindowRect: true, strictFileInteractability: false, timeouts: {implicit: 0, pageLoad: 300000, script: 30000}, unhandledPromptBehavior: dismiss and notify, webauthn:extension:credBlob: true, webauthn:extension:largeBlob: true, webauthn:virtualAuthenticators: true}
Session ID: 5883c7ee5aff6353e2180693b477c9c0
	at org.openqa.selenium.remote.codec.w3c.W3CHttpResponseCodec.decode(W3CHttpResponseCodec.java:131)
	at org.openqa.selenium.remote.codec.w3c.W3CHttpResponseCodec.decode(W3CHttpResponseCodec.java:53)
	at org.openqa.selenium.remote.HttpCommandExecutor.execute(HttpCommandExecutor.java:184)
	at org.openqa.selenium.remote.service.DriverCommandExecutor.invokeExecute(DriverCommandExecutor.java:164)
	at org.openqa.selenium.remote.service.DriverCommandExecutor.execute(DriverCommandExecutor.java:139)
	at org.openqa.selenium.remote.RemoteWebDriver.execute(RemoteWebDriver.java:559)
	at org.openqa.selenium.remote.RemoteWebDriver.execute(RemoteWebDriver.java:614)
	at org.openqa.selenium.remote.RemoteWebDriver.execute(RemoteWebDriver.java:618)
	at org.openqa.selenium.remote.RemoteWebDriver.getScreenshotAs(RemoteWebDriver.java:349)
	at com.baseClass.Helper.captureScreenshot(Helper.java:14)
	at com.TestCases.RegisterPageTest.sameUsername(RegisterPageTest.java:240)
</failure>
  </testcase>
</testsuite>